<?xml version="1.0" encoding="UTF-8"?>
<testng-results skipped="0" failed="0" total="1" passed="1">
  <reporter-output>
  </reporter-output>
  <suite name="Command line suite" duration-ms="16407" started-at="2016-01-26T17:17:58Z" finished-at="2016-01-26T17:18:15Z">
    <groups>
    </groups>
    <test name="Command line test" duration-ms="16407" started-at="2016-01-26T17:17:58Z" finished-at="2016-01-26T17:18:15Z">
      <class name="test.java.SmokeTest.Prod.SampleTest">
        <test-method status="PASS" signature="setUp(java.lang.reflect.Method)" name="setUp" is-config="true" duration-ms="9627" started-at="2016-01-26T17:17:58Z" finished-at="2016-01-26T17:18:08Z">
          <params>
            <param index="0">
              <value>
                <![CDATA[public void test.java.SmokeTest.Prod.SampleTest.test()]]>
              </value>
            </param>
          </params>
        </test-method>
        <test-method status="PASS" signature="test()" name="test" duration-ms="5228" started-at="2016-01-26T17:18:08Z" finished-at="2016-01-26T17:18:13Z">
        </test-method>
        <test-method status="PASS" signature="tearDown()" name="tearDown" is-config="true" duration-ms="1544" started-at="2016-01-26T17:18:13Z" finished-at="2016-01-26T17:18:15Z">
        </test-method>
      </class>
    </test>
  </suite>
</testng-results>
